2019-04-12 10:47:23.056  INFO 38428 --- [main] c.e.reportapi.ReportapiApplication       : Starting ReportapiApplication on DESKTOP-3JRRJ6S with PID 38428 (C:\Users\cetin\workspaces\reportapi\reportapi\target\classes started by cetin in C:\Users\cetin\workspaces\reportapi\reportapi)
2019-04-12 10:47:23.063  INFO 38428 --- [main] c.e.reportapi.ReportapiApplication       : No active profile set, falling back to default profiles: default
2019-04-12 10:47:23.976  INFO 38428 --- [main] .s.d.r.c.RepositoryConfigurationDelegate : Bootstrapping Spring Data repositories in DEFAULT mode.
2019-04-12 10:47:24.075  INFO 38428 --- [main] .s.d.r.c.RepositoryConfigurationDelegate : Finished Spring Data repository scanning in 85ms. Found 5 repository interfaces.
2019-04-12 10:47:24.733  INFO 38428 --- [main] trationDelegate$BeanPostProcessorChecker : Bean 'org.springframework.transaction.annotation.ProxyTransactionManagementConfiguration' of type [org.springframework.transaction.annotation.ProxyTransactionManagementConfiguration$$EnhancerBySpringCGLIB$$b428f899] is not eligible for getting processed by all BeanPostProcessors (for example: not eligible for auto-proxying)
2019-04-12 10:47:24.779  INFO 38428 --- [main] trationDelegate$BeanPostProcessorChecker : Bean 'org.springframework.security.config.annotation.configuration.ObjectPostProcessorConfiguration' of type [org.springframework.security.config.annotation.configuration.ObjectPostProcessorConfiguration$$EnhancerBySpringCGLIB$$4cd6c0d3] is not eligible for getting processed by all BeanPostProcessors (for example: not eligible for auto-proxying)
2019-04-12 10:47:24.786  INFO 38428 --- [main] trationDelegate$BeanPostProcessorChecker : Bean 'objectPostProcessor' of type [org.springframework.security.config.annotation.configuration.AutowireBeanFactoryObjectPostProcessor] is not eligible for getting processed by all BeanPostProcessors (for example: not eligible for auto-proxying)
2019-04-12 10:47:24.788  INFO 38428 --- [main] trationDelegate$BeanPostProcessorChecker : Bean 'org.springframework.security.access.expression.method.DefaultMethodSecurityExpressionHandler@47e4d9d0' of type [org.springframework.security.access.expression.method.DefaultMethodSecurityExpressionHandler] is not eligible for getting processed by all BeanPostProcessors (for example: not eligible for auto-proxying)
2019-04-12 10:47:24.791  INFO 38428 --- [main] trationDelegate$BeanPostProcessorChecker : Bean 'org.springframework.security.config.annotation.method.configuration.GlobalMethodSecurityConfiguration' of type [org.springframework.security.config.annotation.method.configuration.GlobalMethodSecurityConfiguration$$EnhancerBySpringCGLIB$$71ab6385] is not eligible for getting processed by all BeanPostProcessors (for example: not eligible for auto-proxying)
2019-04-12 10:47:24.796  INFO 38428 --- [main] trationDelegate$BeanPostProcessorChecker : Bean 'methodSecurityMetadataSource' of type [org.springframework.security.access.method.DelegatingMethodSecurityMetadataSource] is not eligible for getting processed by all BeanPostProcessors (for example: not eligible for auto-proxying)
2019-04-12 10:47:24.800  INFO 38428 --- [main] trationDelegate$BeanPostProcessorChecker : Bean 'org.springframework.hateoas.config.HateoasConfiguration' of type [org.springframework.hateoas.config.HateoasConfiguration$$EnhancerBySpringCGLIB$$33a945cb] is not eligible for getting processed by all BeanPostProcessors (for example: not eligible for auto-proxying)
2019-04-12 10:47:25.448  INFO 38428 --- [main] o.s.b.w.embedded.tomcat.TomcatWebServer  : Tomcat initialized with port(s): 8080 (http)
2019-04-12 10:47:25.494  INFO 38428 --- [main] o.apache.catalina.core.StandardService   : Starting service [Tomcat]
2019-04-12 10:47:25.495  INFO 38428 --- [main] org.apache.catalina.core.StandardEngine  : Starting Servlet engine: [Apache Tomcat/9.0.17]
2019-04-12 10:47:25.728  INFO 38428 --- [main] o.a.c.c.C.[Tomcat].[localhost].[/]       : Initializing Spring embedded WebApplicationContext
2019-04-12 10:47:25.729  INFO 38428 --- [main] o.s.web.context.ContextLoader            : Root WebApplicationContext: initialization completed in 2626 ms
2019-04-12 10:47:26.019  INFO 38428 --- [main] com.zaxxer.hikari.HikariDataSource       : HikariPool-1 - Starting...
2019-04-12 10:47:26.249  INFO 38428 --- [main] com.zaxxer.hikari.HikariDataSource       : HikariPool-1 - Start completed.
2019-04-12 10:47:26.463  INFO 38428 --- [main] o.hibernate.jpa.internal.util.LogHelper  : HHH000204: Processing PersistenceUnitInfo [
	name: default
	...]
2019-04-12 10:47:26.577  INFO 38428 --- [main] org.hibernate.Version                    : HHH000412: Hibernate Core {5.3.9.Final}
2019-04-12 10:47:26.579  INFO 38428 --- [main] org.hibernate.cfg.Environment            : HHH000206: hibernate.properties not found
2019-04-12 10:47:26.848  INFO 38428 --- [main] o.hibernate.annotations.common.Version   : HCANN000001: Hibernate Commons Annotations {5.0.4.Final}
2019-04-12 10:47:27.079  INFO 38428 --- [main] org.hibernate.dialect.Dialect            : HHH000400: Using dialect: org.hibernate.dialect.H2Dialect
2019-04-12 10:47:28.082  INFO 38428 --- [main] j.LocalContainerEntityManagerFactoryBean : Initialized JPA EntityManagerFactory for persistence unit 'default'
2019-04-12 10:47:29.010  INFO 38428 --- [main] o.h.h.i.QueryTranslatorFactoryInitiator  : HHH000397: Using ASTQueryTranslatorFactory
2019-04-12 10:47:29.830  INFO 38428 --- [main] o.s.s.concurrent.ThreadPoolTaskExecutor  : Initializing ExecutorService 'applicationTaskExecutor'
2019-04-12 10:47:29.898  WARN 38428 --- [main] aWebConfiguration$JpaWebMvcConfiguration : spring.jpa.open-in-view is enabled by default. Therefore, database queries may be performed during view rendering. Explicitly configure spring.jpa.open-in-view to disable this warning
2019-04-12 10:47:30.461  INFO 38428 --- [main] o.s.s.web.DefaultSecurityFilterChain     : Creating filter chain: any request, [org.springframework.security.web.context.request.async.WebAsyncManagerIntegrationFilter@4888425d, org.springframework.security.web.context.SecurityContextPersistenceFilter@5ca4c88a, org.springframework.security.web.header.HeaderWriterFilter@2aa811f9, org.springframework.security.web.authentication.logout.LogoutFilter@75aa7703, com.example.reportapi.security.JwtTokenFilter@3c8758d1, org.springframework.security.web.savedrequest.RequestCacheAwareFilter@55397d15, org.springframework.security.web.servletapi.SecurityContextHolderAwareRequestFilter@13f36d75, org.springframework.security.web.authentication.AnonymousAuthenticationFilter@166ddfb7, org.springframework.security.web.session.SessionManagementFilter@6585df70, org.springframework.security.web.access.ExceptionTranslationFilter@6b64bf61, org.springframework.security.web.access.intercept.FilterSecurityInterceptor@4feec184]
2019-04-12 10:47:30.579  INFO 38428 --- [main] o.s.b.w.embedded.tomcat.TomcatWebServer  : Tomcat started on port(s): 8080 (http) with context path ''
2019-04-12 10:47:30.581  INFO 38428 --- [main] c.e.reportapi.ReportapiApplication       : Started ReportapiApplication in 7.862 seconds (JVM running for 8.28)
2019-04-12 10:51:11.045  INFO 38428 --- [http-nio-8080-exec-2] o.a.c.c.C.[Tomcat].[localhost].[/]       : Initializing Spring DispatcherServlet 'dispatcherServlet'
2019-04-12 10:51:11.046  INFO 38428 --- [http-nio-8080-exec-2] o.s.web.servlet.DispatcherServlet        : Initializing Servlet 'dispatcherServlet'
2019-04-12 10:51:11.067  INFO 38428 --- [http-nio-8080-exec-2] o.s.web.servlet.DispatcherServlet        : Completed initialization in 21 ms
2019-04-12 10:51:11.085  INFO 38428 --- [http-nio-8080-exec-2] c.e.reportapi.security.JwtTokenFilter    : Process request to check for a JSON Web Token
2019-04-12 10:51:11.262  INFO 38428 --- [http-nio-8080-exec-2] c.example.reportapi.service.UserService  : New user attempting to loginmerchant@test.com letmein
2019-04-12 10:51:22.446  INFO 38428 --- [http-nio-8080-exec-3] c.e.reportapi.security.JwtTokenFilter    : Process request to check for a JSON Web Token
2019-04-12 10:51:22.474  INFO 38428 --- [http-nio-8080-exec-3] c.e.reportapi.security.JwtTokenFilter    : Process request to check for a JSON Web Token
2019-04-12 10:51:33.307  INFO 38428 --- [http-nio-8080-exec-4] c.e.reportapi.security.JwtTokenFilter    : Process request to check for a JSON Web Token
2019-04-12 10:51:52.976  INFO 38428 --- [http-nio-8080-exec-5] c.e.reportapi.security.JwtTokenFilter    : Process request to check for a JSON Web Token
2019-04-12 10:51:52.984  INFO 38428 --- [http-nio-8080-exec-5] c.e.reportapi.security.JwtTokenFilter    : Process request to check for a JSON Web Token
2019-04-12 10:52:00.472  INFO 38428 --- [http-nio-8080-exec-6] c.e.reportapi.security.JwtTokenFilter    : Process request to check for a JSON Web Token
2019-04-12 10:52:00.481  INFO 38428 --- [http-nio-8080-exec-6] c.e.reportapi.service.BusinessService    : get Client transactionId: 529-1438673740-2
2019-04-12 10:54:48.656  INFO 38868 --- [main] c.e.reportapi.ReportapiApplication       : Starting ReportapiApplication on DESKTOP-3JRRJ6S with PID 38868 (C:\Users\cetin\workspaces\reportapi\reportapi\target\classes started by cetin in C:\Users\cetin\workspaces\reportapi\reportapi)
2019-04-12 10:54:48.656  INFO 38868 --- [main] c.e.reportapi.ReportapiApplication       : No active profile set, falling back to default profiles: default
2019-04-12 10:54:49.371  INFO 38868 --- [main] .s.d.r.c.RepositoryConfigurationDelegate : Bootstrapping Spring Data repositories in DEFAULT mode.
2019-04-12 10:54:49.450  INFO 38868 --- [main] .s.d.r.c.RepositoryConfigurationDelegate : Finished Spring Data repository scanning in 62ms. Found 5 repository interfaces.
2019-04-12 10:54:49.877  INFO 38868 --- [main] trationDelegate$BeanPostProcessorChecker : Bean 'org.springframework.transaction.annotation.ProxyTransactionManagementConfiguration' of type [org.springframework.transaction.annotation.ProxyTransactionManagementConfiguration$$EnhancerBySpringCGLIB$$fda13305] is not eligible for getting processed by all BeanPostProcessors (for example: not eligible for auto-proxying)
2019-04-12 10:54:49.930  INFO 38868 --- [main] trationDelegate$BeanPostProcessorChecker : Bean 'org.springframework.security.config.annotation.configuration.ObjectPostProcessorConfiguration' of type [org.springframework.security.config.annotation.configuration.ObjectPostProcessorConfiguration$$EnhancerBySpringCGLIB$$964efb3f] is not eligible for getting processed by all BeanPostProcessors (for example: not eligible for auto-proxying)
2019-04-12 10:54:49.930  INFO 38868 --- [main] trationDelegate$BeanPostProcessorChecker : Bean 'objectPostProcessor' of type [org.springframework.security.config.annotation.configuration.AutowireBeanFactoryObjectPostProcessor] is not eligible for getting processed by all BeanPostProcessors (for example: not eligible for auto-proxying)
2019-04-12 10:54:49.930  INFO 38868 --- [main] trationDelegate$BeanPostProcessorChecker : Bean 'org.springframework.security.access.expression.method.DefaultMethodSecurityExpressionHandler@5cd61783' of type [org.springframework.security.access.expression.method.DefaultMethodSecurityExpressionHandler] is not eligible for getting processed by all BeanPostProcessors (for example: not eligible for auto-proxying)
2019-04-12 10:54:49.946  INFO 38868 --- [main] trationDelegate$BeanPostProcessorChecker : Bean 'org.springframework.security.config.annotation.method.configuration.GlobalMethodSecurityConfiguration' of type [org.springframework.security.config.annotation.method.configuration.GlobalMethodSecurityConfiguration$$EnhancerBySpringCGLIB$$bb239df1] is not eligible for getting processed by all BeanPostProcessors (for example: not eligible for auto-proxying)
2019-04-12 10:54:49.946  INFO 38868 --- [main] trationDelegate$BeanPostProcessorChecker : Bean 'methodSecurityMetadataSource' of type [org.springframework.security.access.method.DelegatingMethodSecurityMetadataSource] is not eligible for getting processed by all BeanPostProcessors (for example: not eligible for auto-proxying)
2019-04-12 10:54:49.946  INFO 38868 --- [main] trationDelegate$BeanPostProcessorChecker : Bean 'org.springframework.hateoas.config.HateoasConfiguration' of type [org.springframework.hateoas.config.HateoasConfiguration$$EnhancerBySpringCGLIB$$7d218037] is not eligible for getting processed by all BeanPostProcessors (for example: not eligible for auto-proxying)
2019-04-12 10:54:50.419  INFO 38868 --- [main] o.s.b.w.embedded.tomcat.TomcatWebServer  : Tomcat initialized with port(s): 8080 (http)
2019-04-12 10:54:50.453  INFO 38868 --- [main] o.apache.catalina.core.StandardService   : Starting service [Tomcat]
2019-04-12 10:54:50.453  INFO 38868 --- [main] org.apache.catalina.core.StandardEngine  : Starting Servlet engine: [Apache Tomcat/9.0.17]
2019-04-12 10:54:50.599  INFO 38868 --- [main] o.a.c.c.C.[Tomcat].[localhost].[/]       : Initializing Spring embedded WebApplicationContext
2019-04-12 10:54:50.599  INFO 38868 --- [main] o.s.web.context.ContextLoader            : Root WebApplicationContext: initialization completed in 1896 ms
2019-04-12 10:54:50.786  INFO 38868 --- [main] com.zaxxer.hikari.HikariDataSource       : HikariPool-1 - Starting...
2019-04-12 10:54:50.911  INFO 38868 --- [main] com.zaxxer.hikari.HikariDataSource       : HikariPool-1 - Start completed.
2019-04-12 10:54:51.105  INFO 38868 --- [main] o.hibernate.jpa.internal.util.LogHelper  : HHH000204: Processing PersistenceUnitInfo [
	name: default
	...]
2019-04-12 10:54:51.180  INFO 38868 --- [main] org.hibernate.Version                    : HHH000412: Hibernate Core {5.3.9.Final}
2019-04-12 10:54:51.180  INFO 38868 --- [main] org.hibernate.cfg.Environment            : HHH000206: hibernate.properties not found
2019-04-12 10:54:51.346  INFO 38868 --- [main] o.hibernate.annotations.common.Version   : HCANN000001: Hibernate Commons Annotations {5.0.4.Final}
2019-04-12 10:54:51.471  INFO 38868 --- [main] org.hibernate.dialect.Dialect            : HHH000400: Using dialect: org.hibernate.dialect.H2Dialect
2019-04-12 10:54:52.108  INFO 38868 --- [main] j.LocalContainerEntityManagerFactoryBean : Initialized JPA EntityManagerFactory for persistence unit 'default'
2019-04-12 10:54:52.802  INFO 38868 --- [main] o.h.h.i.QueryTranslatorFactoryInitiator  : HHH000397: Using ASTQueryTranslatorFactory
2019-04-12 10:54:53.547  INFO 38868 --- [main] o.s.s.concurrent.ThreadPoolTaskExecutor  : Initializing ExecutorService 'applicationTaskExecutor'
2019-04-12 10:54:53.606  WARN 38868 --- [main] aWebConfiguration$JpaWebMvcConfiguration : spring.jpa.open-in-view is enabled by default. Therefore, database queries may be performed during view rendering. Explicitly configure spring.jpa.open-in-view to disable this warning
2019-04-12 10:54:54.110  INFO 38868 --- [main] o.s.s.web.DefaultSecurityFilterChain     : Creating filter chain: any request, [org.springframework.security.web.context.request.async.WebAsyncManagerIntegrationFilter@24ac6fef, org.springframework.security.web.context.SecurityContextPersistenceFilter@45539bd8, org.springframework.security.web.header.HeaderWriterFilter@7b8cb283, org.springframework.security.web.authentication.logout.LogoutFilter@351e86b2, com.example.reportapi.security.JwtTokenFilter@3cb49121, org.springframework.security.web.savedrequest.RequestCacheAwareFilter@55e5415d, org.springframework.security.web.servletapi.SecurityContextHolderAwareRequestFilter@2ed7978c, org.springframework.security.web.authentication.AnonymousAuthenticationFilter@227b9277, org.springframework.security.web.session.SessionManagementFilter@27053257, org.springframework.security.web.access.ExceptionTranslationFilter@3c3cd7a5, org.springframework.security.web.access.intercept.FilterSecurityInterceptor@51fb5fe6]
2019-04-12 10:54:54.233  INFO 38868 --- [main] o.s.b.w.embedded.tomcat.TomcatWebServer  : Tomcat started on port(s): 8080 (http) with context path ''
2019-04-12 10:54:54.233  INFO 38868 --- [main] c.e.reportapi.ReportapiApplication       : Started ReportapiApplication in 5.894 seconds (JVM running for 6.253)
2019-04-12 10:55:25.961  INFO 38868 --- [http-nio-8080-exec-2] o.a.c.c.C.[Tomcat].[localhost].[/]       : Initializing Spring DispatcherServlet 'dispatcherServlet'
2019-04-12 10:55:25.963  INFO 38868 --- [http-nio-8080-exec-2] o.s.web.servlet.DispatcherServlet        : Initializing Servlet 'dispatcherServlet'
2019-04-12 10:55:25.980  INFO 38868 --- [http-nio-8080-exec-2] o.s.web.servlet.DispatcherServlet        : Completed initialization in 17 ms
2019-04-12 10:55:25.995  INFO 38868 --- [http-nio-8080-exec-2] c.e.reportapi.security.JwtTokenFilter    : Process request to check for a JSON Web Token
2019-04-12 10:55:26.134  INFO 38868 --- [http-nio-8080-exec-2] c.example.reportapi.service.UserService  : New user attempting to loginmerchant@test.com letmein
2019-04-12 10:55:46.549  INFO 38868 --- [http-nio-8080-exec-3] c.e.reportapi.security.JwtTokenFilter    : Process request to check for a JSON Web Token
2019-04-12 10:55:46.587  INFO 38868 --- [http-nio-8080-exec-3] c.e.reportapi.service.BusinessService    : get Client transactionId: 529-1438673740-2
2019-04-12 10:56:12.833  INFO 38868 --- [http-nio-8080-exec-4] c.e.reportapi.security.JwtTokenFilter    : Process request to check for a JSON Web Token
2019-04-12 11:26:07.745  INFO 21572 --- [main] c.e.reportapi.ReportapiApplication       : Starting ReportapiApplication on DESKTOP-3JRRJ6S with PID 21572 (C:\Users\cetin\workspaces\reportapi\reportapi\target\classes started by cetin in C:\Users\cetin\workspaces\reportapi\reportapi)
2019-04-12 11:26:07.751  INFO 21572 --- [main] c.e.reportapi.ReportapiApplication       : No active profile set, falling back to default profiles: default
2019-04-12 11:26:08.790  INFO 21572 --- [main] .s.d.r.c.RepositoryConfigurationDelegate : Bootstrapping Spring Data repositories in DEFAULT mode.
2019-04-12 11:26:08.969  INFO 21572 --- [main] .s.d.r.c.RepositoryConfigurationDelegate : Finished Spring Data repository scanning in 153ms. Found 5 repository interfaces.
2019-04-12 11:26:09.640  INFO 21572 --- [main] trationDelegate$BeanPostProcessorChecker : Bean 'org.springframework.transaction.annotation.ProxyTransactionManagementConfiguration' of type [org.springframework.transaction.annotation.ProxyTransactionManagementConfiguration$$EnhancerBySpringCGLIB$$c134dfa9] is not eligible for getting processed by all BeanPostProcessors (for example: not eligible for auto-proxying)
2019-04-12 11:26:09.716  INFO 21572 --- [main] trationDelegate$BeanPostProcessorChecker : Bean 'org.springframework.security.config.annotation.configuration.ObjectPostProcessorConfiguration' of type [org.springframework.security.config.annotation.configuration.ObjectPostProcessorConfiguration$$EnhancerBySpringCGLIB$$59e2a7e3] is not eligible for getting processed by all BeanPostProcessors (for example: not eligible for auto-proxying)
2019-04-12 11:26:09.720  INFO 21572 --- [main] trationDelegate$BeanPostProcessorChecker : Bean 'objectPostProcessor' of type [org.springframework.security.config.annotation.configuration.AutowireBeanFactoryObjectPostProcessor] is not eligible for getting processed by all BeanPostProcessors (for example: not eligible for auto-proxying)
2019-04-12 11:26:09.724  INFO 21572 --- [main] trationDelegate$BeanPostProcessorChecker : Bean 'org.springframework.security.access.expression.method.DefaultMethodSecurityExpressionHandler@213860b8' of type [org.springframework.security.access.expression.method.DefaultMethodSecurityExpressionHandler] is not eligible for getting processed by all BeanPostProcessors (for example: not eligible for auto-proxying)
2019-04-12 11:26:09.729  INFO 21572 --- [main] trationDelegate$BeanPostProcessorChecker : Bean 'org.springframework.security.config.annotation.method.configuration.GlobalMethodSecurityConfiguration' of type [org.springframework.security.config.annotation.method.configuration.GlobalMethodSecurityConfiguration$$EnhancerBySpringCGLIB$$7eb74a95] is not eligible for getting processed by all BeanPostProcessors (for example: not eligible for auto-proxying)
2019-04-12 11:26:09.732  INFO 21572 --- [main] trationDelegate$BeanPostProcessorChecker : Bean 'methodSecurityMetadataSource' of type [org.springframework.security.access.method.DelegatingMethodSecurityMetadataSource] is not eligible for getting processed by all BeanPostProcessors (for example: not eligible for auto-proxying)
2019-04-12 11:26:09.739  INFO 21572 --- [main] trationDelegate$BeanPostProcessorChecker : Bean 'org.springframework.hateoas.config.HateoasConfiguration' of type [org.springframework.hateoas.config.HateoasConfiguration$$EnhancerBySpringCGLIB$$40b52cdb] is not eligible for getting processed by all BeanPostProcessors (for example: not eligible for auto-proxying)
2019-04-12 11:26:10.592  INFO 21572 --- [main] o.s.b.w.embedded.tomcat.TomcatWebServer  : Tomcat initialized with port(s): 8080 (http)
2019-04-12 11:26:10.646  INFO 21572 --- [main] o.apache.catalina.core.StandardService   : Starting service [Tomcat]
2019-04-12 11:26:10.646  INFO 21572 --- [main] org.apache.catalina.core.StandardEngine  : Starting Servlet engine: [Apache Tomcat/9.0.17]
2019-04-12 11:26:10.994  INFO 21572 --- [main] o.a.c.c.C.[Tomcat].[localhost].[/]       : Initializing Spring embedded WebApplicationContext
2019-04-12 11:26:10.994  INFO 21572 --- [main] o.s.web.context.ContextLoader            : Root WebApplicationContext: initialization completed in 3151 ms
2019-04-12 11:26:11.300  INFO 21572 --- [main] com.zaxxer.hikari.HikariDataSource       : HikariPool-1 - Starting...
2019-04-12 11:26:11.500  INFO 21572 --- [main] com.zaxxer.hikari.HikariDataSource       : HikariPool-1 - Start completed.
2019-04-12 11:26:11.833  INFO 21572 --- [main] o.hibernate.jpa.internal.util.LogHelper  : HHH000204: Processing PersistenceUnitInfo [
	name: default
	...]
2019-04-12 11:26:11.927  INFO 21572 --- [main] org.hibernate.Version                    : HHH000412: Hibernate Core {5.3.9.Final}
2019-04-12 11:26:11.929  INFO 21572 --- [main] org.hibernate.cfg.Environment            : HHH000206: hibernate.properties not found
2019-04-12 11:26:12.208  INFO 21572 --- [main] o.hibernate.annotations.common.Version   : HCANN000001: Hibernate Commons Annotations {5.0.4.Final}
2019-04-12 11:26:12.407  INFO 21572 --- [main] org.hibernate.dialect.Dialect            : HHH000400: Using dialect: org.hibernate.dialect.H2Dialect
2019-04-12 11:26:13.453  INFO 21572 --- [main] j.LocalContainerEntityManagerFactoryBean : Initialized JPA EntityManagerFactory for persistence unit 'default'
2019-04-12 11:26:14.467  INFO 21572 --- [main] o.h.h.i.QueryTranslatorFactoryInitiator  : HHH000397: Using ASTQueryTranslatorFactory
2019-04-12 11:26:15.433  INFO 21572 --- [main] o.s.s.concurrent.ThreadPoolTaskExecutor  : Initializing ExecutorService 'applicationTaskExecutor'
2019-04-12 11:26:15.553  WARN 21572 --- [main] aWebConfiguration$JpaWebMvcConfiguration : spring.jpa.open-in-view is enabled by default. Therefore, database queries may be performed during view rendering. Explicitly configure spring.jpa.open-in-view to disable this warning
2019-04-12 11:26:16.157  INFO 21572 --- [main] o.s.s.web.DefaultSecurityFilterChain     : Creating filter chain: any request, [org.springframework.security.web.context.request.async.WebAsyncManagerIntegrationFilter@50e1f3fc, org.springframework.security.web.context.SecurityContextPersistenceFilter@5649f55, org.springframework.security.web.header.HeaderWriterFilter@59c862af, org.springframework.security.web.authentication.logout.LogoutFilter@2133b712, com.example.reportapi.security.JwtTokenFilter@54737322, org.springframework.security.web.savedrequest.RequestCacheAwareFilter@12270a01, org.springframework.security.web.servletapi.SecurityContextHolderAwareRequestFilter@41b66d1, org.springframework.security.web.authentication.AnonymousAuthenticationFilter@56da8847, org.springframework.security.web.session.SessionManagementFilter@11582db6, org.springframework.security.web.access.ExceptionTranslationFilter@146833a2, org.springframework.security.web.access.intercept.FilterSecurityInterceptor@7831d1aa]
2019-04-12 11:26:16.334  INFO 21572 --- [main] o.s.b.w.embedded.tomcat.TomcatWebServer  : Tomcat started on port(s): 8080 (http) with context path ''
2019-04-12 11:26:16.336  INFO 21572 --- [main] c.e.reportapi.ReportapiApplication       : Started ReportapiApplication in 9.119 seconds (JVM running for 9.621)
2019-04-12 11:28:00.707  INFO 21572 --- [http-nio-8080-exec-1] o.a.c.c.C.[Tomcat].[localhost].[/]       : Initializing Spring DispatcherServlet 'dispatcherServlet'
2019-04-12 11:28:00.710  INFO 21572 --- [http-nio-8080-exec-1] o.s.web.servlet.DispatcherServlet        : Initializing Servlet 'dispatcherServlet'
2019-04-12 11:28:00.773  INFO 21572 --- [http-nio-8080-exec-1] o.s.web.servlet.DispatcherServlet        : Completed initialization in 63 ms
2019-04-12 11:28:00.831  INFO 21572 --- [http-nio-8080-exec-1] c.e.reportapi.security.JwtTokenFilter    : Process request to check for a JSON Web Token
2019-04-12 11:28:00.902  INFO 21572 --- [http-nio-8080-exec-1] c.e.reportapi.security.JwtTokenFilter    : Process request to check for a JSON Web Token
2019-04-12 11:28:08.949  INFO 21572 --- [http-nio-8080-exec-3] c.e.reportapi.security.JwtTokenFilter    : Process request to check for a JSON Web Token
2019-04-12 11:28:09.141  INFO 21572 --- [http-nio-8080-exec-3] c.example.reportapi.service.UserService  : New user attempting to loginmerchant@test.com letmein
2019-04-12 11:28:29.476  INFO 21572 --- [http-nio-8080-exec-5] c.e.reportapi.security.JwtTokenFilter    : Process request to check for a JSON Web Token
2019-04-12 11:28:29.527  WARN 21572 --- [http-nio-8080-exec-5] .w.s.m.s.DefaultHandlerExceptionResolver : Resolved [org.springframework.web.HttpRequestMethodNotSupportedException: Request method 'GET' not supported]
2019-04-12 11:28:29.528  INFO 21572 --- [http-nio-8080-exec-5] c.e.reportapi.security.JwtTokenFilter    : Process request to check for a JSON Web Token
2019-04-12 11:28:37.788  INFO 21572 --- [http-nio-8080-exec-4] org.apache.tomcat.util.http.Parameters   : Invalid chunk starting at byte [0] and ending at byte [1] with a value of [=] ignored
 Note: further occurrences of Parameter errors will be logged at DEBUG level.
2019-04-12 11:28:37.790  INFO 21572 --- [http-nio-8080-exec-4] c.e.reportapi.security.JwtTokenFilter    : Process request to check for a JSON Web Token
2019-04-12 11:28:37.802  WARN 21572 --- [http-nio-8080-exec-4] .w.s.m.s.DefaultHandlerExceptionResolver : Resolved [org.springframework.http.converter.HttpMessageNotReadableException: JSON parse error: Cannot construct instance of `com.example.reportapi.dto.TransactionDto` (although at least one Creator exists): cannot deserialize from Object value (no delegate- or property-based Creator); nested exception is com.fasterxml.jackson.databind.exc.MismatchedInputException: Cannot construct instance of `com.example.reportapi.dto.TransactionDto` (although at least one Creator exists): cannot deserialize from Object value (no delegate- or property-based Creator)
 at [Source: (PushbackInputStream); line: 2, column: 2]]
2019-04-12 11:28:37.805  INFO 21572 --- [http-nio-8080-exec-4] c.e.reportapi.security.JwtTokenFilter    : Process request to check for a JSON Web Token
2019-04-12 11:30:17.726  INFO 38148 --- [main] c.e.reportapi.ReportapiApplication       : Starting ReportapiApplication on DESKTOP-3JRRJ6S with PID 38148 (C:\Users\cetin\workspaces\reportapi\reportapi\target\classes started by cetin in C:\Users\cetin\workspaces\reportapi\reportapi)
2019-04-12 11:30:17.730  INFO 38148 --- [main] c.e.reportapi.ReportapiApplication       : No active profile set, falling back to default profiles: default
2019-04-12 11:30:18.795  INFO 38148 --- [main] .s.d.r.c.RepositoryConfigurationDelegate : Bootstrapping Spring Data repositories in DEFAULT mode.
2019-04-12 11:30:18.958  INFO 38148 --- [main] .s.d.r.c.RepositoryConfigurationDelegate : Finished Spring Data repository scanning in 147ms. Found 5 repository interfaces.
2019-04-12 11:30:19.667  INFO 38148 --- [main] trationDelegate$BeanPostProcessorChecker : Bean 'org.springframework.transaction.annotation.ProxyTransactionManagementConfiguration' of type [org.springframework.transaction.annotation.ProxyTransactionManagementConfiguration$$EnhancerBySpringCGLIB$$9b2a158] is not eligible for getting processed by all BeanPostProcessors (for example: not eligible for auto-proxying)
2019-04-12 11:30:19.711  INFO 38148 --- [main] trationDelegate$BeanPostProcessorChecker : Bean 'org.springframework.security.config.annotation.configuration.ObjectPostProcessorConfiguration' of type [org.springframework.security.config.annotation.configuration.ObjectPostProcessorConfiguration$$EnhancerBySpringCGLIB$$a2606992] is not eligible for getting processed by all BeanPostProcessors (for example: not eligible for auto-proxying)
2019-04-12 11:30:19.718  INFO 38148 --- [main] trationDelegate$BeanPostProcessorChecker : Bean 'objectPostProcessor' of type [org.springframework.security.config.annotation.configuration.AutowireBeanFactoryObjectPostProcessor] is not eligible for getting processed by all BeanPostProcessors (for example: not eligible for auto-proxying)
2019-04-12 11:30:19.720  INFO 38148 --- [main] trationDelegate$BeanPostProcessorChecker : Bean 'org.springframework.security.access.expression.method.DefaultMethodSecurityExpressionHandler@42e22a53' of type [org.springframework.security.access.expression.method.DefaultMethodSecurityExpressionHandler] is not eligible for getting processed by all BeanPostProcessors (for example: not eligible for auto-proxying)
2019-04-12 11:30:19.723  INFO 38148 --- [main] trationDelegate$BeanPostProcessorChecker : Bean 'org.springframework.security.config.annotation.method.configuration.GlobalMethodSecurityConfiguration' of type [org.springframework.security.config.annotation.method.configuration.GlobalMethodSecurityConfiguration$$EnhancerBySpringCGLIB$$c7350c44] is not eligible for getting processed by all BeanPostProcessors (for example: not eligible for auto-proxying)
2019-04-12 11:30:19.725  INFO 38148 --- [main] trationDelegate$BeanPostProcessorChecker : Bean 'methodSecurityMetadataSource' of type [org.springframework.security.access.method.DelegatingMethodSecurityMetadataSource] is not eligible for getting processed by all BeanPostProcessors (for example: not eligible for auto-proxying)
2019-04-12 11:30:19.732  INFO 38148 --- [main] trationDelegate$BeanPostProcessorChecker : Bean 'org.springframework.hateoas.config.HateoasConfiguration' of type [org.springframework.hateoas.config.HateoasConfiguration$$EnhancerBySpringCGLIB$$8932ee8a] is not eligible for getting processed by all BeanPostProcessors (for example: not eligible for auto-proxying)
2019-04-12 11:30:20.585  INFO 38148 --- [main] o.s.b.w.embedded.tomcat.TomcatWebServer  : Tomcat initialized with port(s): 8080 (http)
2019-04-12 11:30:20.638  INFO 38148 --- [main] o.apache.catalina.core.StandardService   : Starting service [Tomcat]
2019-04-12 11:30:20.638  INFO 38148 --- [main] org.apache.catalina.core.StandardEngine  : Starting Servlet engine: [Apache Tomcat/9.0.17]
2019-04-12 11:30:20.999  INFO 38148 --- [main] o.a.c.c.C.[Tomcat].[localhost].[/]       : Initializing Spring embedded WebApplicationContext
2019-04-12 11:30:21.000  INFO 38148 --- [main] o.s.web.context.ContextLoader            : Root WebApplicationContext: initialization completed in 3200 ms
2019-04-12 11:30:21.335  INFO 38148 --- [main] com.zaxxer.hikari.HikariDataSource       : HikariPool-1 - Starting...
2019-04-12 11:30:21.589  INFO 38148 --- [main] com.zaxxer.hikari.HikariDataSource       : HikariPool-1 - Start completed.
2019-04-12 11:30:21.948  INFO 38148 --- [main] o.hibernate.jpa.internal.util.LogHelper  : HHH000204: Processing PersistenceUnitInfo [
	name: default
	...]
2019-04-12 11:30:22.032  INFO 38148 --- [main] org.hibernate.Version                    : HHH000412: Hibernate Core {5.3.9.Final}
2019-04-12 11:30:22.038  INFO 38148 --- [main] org.hibernate.cfg.Environment            : HHH000206: hibernate.properties not found
2019-04-12 11:30:22.283  INFO 38148 --- [main] o.hibernate.annotations.common.Version   : HCANN000001: Hibernate Commons Annotations {5.0.4.Final}
2019-04-12 11:30:22.547  INFO 38148 --- [main] org.hibernate.dialect.Dialect            : HHH000400: Using dialect: org.hibernate.dialect.H2Dialect
2019-04-12 11:30:24.269  INFO 38148 --- [main] j.LocalContainerEntityManagerFactoryBean : Initialized JPA EntityManagerFactory for persistence unit 'default'
2019-04-12 11:30:25.921  INFO 38148 --- [main] o.h.h.i.QueryTranslatorFactoryInitiator  : HHH000397: Using ASTQueryTranslatorFactory
2019-04-12 11:30:27.552  INFO 38148 --- [main] o.s.s.concurrent.ThreadPoolTaskExecutor  : Initializing ExecutorService 'applicationTaskExecutor'
2019-04-12 11:30:27.683  WARN 38148 --- [main] aWebConfiguration$JpaWebMvcConfiguration : spring.jpa.open-in-view is enabled by default. Therefore, database queries may be performed during view rendering. Explicitly configure spring.jpa.open-in-view to disable this warning
2019-04-12 11:30:28.807  INFO 38148 --- [main] o.s.s.web.DefaultSecurityFilterChain     : Creating filter chain: any request, [org.springframework.security.web.context.request.async.WebAsyncManagerIntegrationFilter@35d4035f, org.springframework.security.web.context.SecurityContextPersistenceFilter@41b66d1, org.springframework.security.web.header.HeaderWriterFilter@44106e25, org.springframework.security.web.authentication.logout.LogoutFilter@1791e231, com.example.reportapi.security.JwtTokenFilter@6f4fc83f, org.springframework.security.web.savedrequest.RequestCacheAwareFilter@148fca83, org.springframework.security.web.servletapi.SecurityContextHolderAwareRequestFilter@60b553f, org.springframework.security.web.authentication.AnonymousAuthenticationFilter@66b90ab3, org.springframework.security.web.session.SessionManagementFilter@12532e37, org.springframework.security.web.access.ExceptionTranslationFilter@2792c28, org.springframework.security.web.access.intercept.FilterSecurityInterceptor@7323c38c]
2019-04-12 11:30:29.025  INFO 38148 --- [main] o.s.b.w.embedded.tomcat.TomcatWebServer  : Tomcat started on port(s): 8080 (http) with context path ''
2019-04-12 11:30:29.025  INFO 38148 --- [main] c.e.reportapi.ReportapiApplication       : Started ReportapiApplication in 11.859 seconds (JVM running for 12.384)
2019-04-12 11:30:29.778  INFO 38148 --- [http-nio-8080-exec-2] o.a.c.c.C.[Tomcat].[localhost].[/]       : Initializing Spring DispatcherServlet 'dispatcherServlet'
2019-04-12 11:30:29.778  INFO 38148 --- [http-nio-8080-exec-2] o.s.web.servlet.DispatcherServlet        : Initializing Servlet 'dispatcherServlet'
2019-04-12 11:30:29.824  INFO 38148 --- [http-nio-8080-exec-2] o.s.web.servlet.DispatcherServlet        : Completed initialization in 46 ms
2019-04-12 11:30:29.866  INFO 38148 --- [http-nio-8080-exec-2] c.e.reportapi.security.JwtTokenFilter    : Process request to check for a JSON Web Token
2019-04-12 11:30:30.214  INFO 38148 --- [http-nio-8080-exec-2] c.example.reportapi.service.UserService  : New user attempting to loginmerchant@test.com letmein
2019-04-12 11:30:50.864  INFO 38148 --- [http-nio-8080-exec-3] org.apache.tomcat.util.http.Parameters   : Invalid chunk starting at byte [0] and ending at byte [1] with a value of [=] ignored
 Note: further occurrences of Parameter errors will be logged at DEBUG level.
2019-04-12 11:30:50.866  INFO 38148 --- [http-nio-8080-exec-3] c.e.reportapi.security.JwtTokenFilter    : Process request to check for a JSON Web Token
2019-04-12 11:30:50.943  INFO 38148 --- [http-nio-8080-exec-3] c.e.reportapi.service.BusinessService    : get Client transactionId: 529-1438673740-2
2019-04-12 11:33:16.830  INFO 38148 --- [http-nio-8080-exec-6] c.e.reportapi.security.JwtTokenFilter    : Process request to check for a JSON Web Token
